{"/home/zikazaki/dev/javascript/starwars-names/src/index.test.js":{"path":"/home/zikazaki/dev/javascript/starwars-names/src/index.test.js","s":{"1":1,"2":1,"3":1,"4":1,"5":1,"6":1,"7":1,"8":1,"9":99,"10":1,"11":1,"12":1,"13":1,"14":1,"15":1,"16":1,"17":1,"18":1,"19":1,"20":3},"b":{},"f":{"1":1,"2":1,"3":1,"4":1,"5":99,"6":1,"7":1,"8":1,"9":1,"10":3},"fnMap":{"1":{"name":"(anonymous_1)","line":4,"loc":{"start":{"line":4,"column":27},"end":{"line":4,"column":39}}},"2":{"name":"(anonymous_2)","line":5,"loc":{"start":{"line":5,"column":18},"end":{"line":5,"column":30}}},"3":{"name":"(anonymous_3)","line":6,"loc":{"start":{"line":6,"column":40},"end":{"line":6,"column":52}}},"4":{"name":"isArrayOfStrings","line":9,"loc":{"start":{"line":9,"column":6},"end":{"line":9,"column":39}}},"5":{"name":"(anonymous_5)","line":10,"loc":{"start":{"line":10,"column":27},"end":{"line":10,"column":43}}},"6":{"name":"(anonymous_6)","line":16,"loc":{"start":{"line":16,"column":36},"end":{"line":16,"column":48}}},"7":{"name":"(anonymous_7)","line":21,"loc":{"start":{"line":21,"column":21},"end":{"line":21,"column":33}}},"8":{"name":"(anonymous_8)","line":22,"loc":{"start":{"line":22,"column":60},"end":{"line":22,"column":72}}},"9":{"name":"(anonymous_9)","line":27,"loc":{"start":{"line":27,"column":68},"end":{"line":27,"column":80}}},"10":{"name":"(anonymous_10)","line":30,"loc":{"start":{"line":30,"column":26},"end":{"line":30,"column":42}}}},"statementMap":{"1":{"start":{"line":1,"column":0},"end":{"line":1,"column":36}},"2":{"start":{"line":2,"column":0},"end":{"line":2,"column":34}},"3":{"start":{"line":4,"column":0},"end":{"line":35,"column":3}},"4":{"start":{"line":5,"column":2},"end":{"line":19,"column":5}},"5":{"start":{"line":6,"column":4},"end":{"line":14,"column":7}},"6":{"start":{"line":7,"column":6},"end":{"line":7,"column":56}},"7":{"start":{"line":9,"column":6},"end":{"line":13,"column":7}},"8":{"start":{"line":10,"column":8},"end":{"line":12,"column":11}},"9":{"start":{"line":11,"column":10},"end":{"line":11,"column":42}},"10":{"start":{"line":16,"column":4},"end":{"line":18,"column":7}},"11":{"start":{"line":17,"column":6},"end":{"line":17,"column":50}},"12":{"start":{"line":21,"column":2},"end":{"line":34,"column":5}},"13":{"start":{"line":22,"column":4},"end":{"line":25,"column":7}},"14":{"start":{"line":23,"column":6},"end":{"line":23,"column":41}},"15":{"start":{"line":24,"column":6},"end":{"line":24,"column":50}},"16":{"start":{"line":27,"column":4},"end":{"line":33,"column":7}},"17":{"start":{"line":28,"column":6},"end":{"line":28,"column":43}},"18":{"start":{"line":29,"column":6},"end":{"line":29,"column":44}},"19":{"start":{"line":30,"column":6},"end":{"line":32,"column":9}},"20":{"start":{"line":31,"column":8},"end":{"line":31,"column":46}}},"branchMap":{}},"/home/zikazaki/dev/javascript/starwars-names/src/index.js":{"path":"/home/zikazaki/dev/javascript/starwars-names/src/index.js","s":{"1":1,"2":1,"3":1,"4":1,"5":1,"6":2,"7":1,"8":1,"9":1,"10":3,"11":1},"b":{"1":[1,1]},"f":{"1":2},"fnMap":{"1":{"name":"random","line":10,"loc":{"start":{"line":10,"column":0},"end":{"line":10,"column":24}}}},"statementMap":{"1":{"start":{"line":1,"column":0},"end":{"line":1,"column":55}},"2":{"start":{"line":2,"column":0},"end":{"line":2,"column":53}},"3":{"start":{"line":3,"column":0},"end":{"line":3,"column":53}},"4":{"start":{"line":5,"column":0},"end":{"line":8,"column":2}},"5":{"start":{"line":10,"column":0},"end":{"line":20,"column":1}},"6":{"start":{"line":11,"column":2},"end":{"line":19,"column":3}},"7":{"start":{"line":12,"column":4},"end":{"line":12,"column":27}},"8":{"start":{"line":14,"column":4},"end":{"line":14,"column":25}},"9":{"start":{"line":15,"column":4},"end":{"line":17,"column":5}},"10":{"start":{"line":16,"column":6},"end":{"line":16,"column":40}},"11":{"start":{"line":18,"column":4},"end":{"line":18,"column":23}}},"branchMap":{"1":{"line":11,"type":"if","locations":[{"start":{"line":11,"column":2},"end":{"line":11,"column":2}},{"start":{"line":11,"column":2},"end":{"line":11,"column":2}}]}}}}