TN:
SF:/home/zikazaki/dev/javascript/starwars-names/src/index.test.js
FN:4,(anonymous_1)
FN:5,(anonymous_2)
FN:6,(anonymous_3)
FN:9,isArrayOfStrings
FN:10,(anonymous_5)
FN:16,(anonymous_6)
FN:21,(anonymous_7)
FN:22,(anonymous_8)
FN:27,(anonymous_9)
FN:30,(anonymous_10)
FNF:10
FNH:10
FNDA:1,(anonymous_1)
FNDA:1,(anonymous_2)
FNDA:1,(anonymous_3)
FNDA:1,isArrayOfStrings
FNDA:99,(anonymous_5)
FNDA:1,(anonymous_6)
FNDA:1,(anonymous_7)
FNDA:1,(anonymous_8)
FNDA:1,(anonymous_9)
FNDA:3,(anonymous_10)
DA:1,1
DA:2,1
DA:4,1
DA:5,1
DA:6,1
DA:7,1
DA:9,1
DA:10,1
DA:11,99
DA:16,1
DA:17,1
DA:21,1
DA:22,1
DA:23,1
DA:24,1
DA:27,1
DA:28,1
DA:29,1
DA:30,1
DA:31,3
LF:20
LH:20
BRF:0
BRH:0
end_of_record
TN:
SF:/home/zikazaki/dev/javascript/starwars-names/src/index.js
FN:10,random
FNF:1
FNH:1
FNDA:2,random
DA:1,1
DA:2,1
DA:3,1
DA:5,1
DA:10,1
DA:11,2
DA:12,1
DA:14,1
DA:15,1
DA:16,3
DA:18,1
LF:11
LH:11
BRDA:11,1,0,1
BRDA:11,1,1,1
BRF:2
BRH:2
end_of_record
